<?xml version="1.0" encoding="UTF-8"?>
<!-- Generated by org.testng.reporters.JUnitReportReporter -->
<testsuite skipped="0" hostname="MCO-5097489-L1" name="Academy.Base" tests="1" failures="0" timestamp="15 Jun 2019 17:18:52 GMT" time="4.165" errors="0">
  <testcase name="initializeDriver" time="4.165" classname="Academy.Base"/>
</testsuite> <!-- Academy.Base -->
