<?xml version="1.0" encoding="UTF-8"?>
<!-- Generated by org.testng.reporters.JUnitReportReporter -->
<testsuite skipped="0" hostname="MCO-5097489-L1" name="Academy.HomePage" tests="2" failures="0" timestamp="15 Jun 2019 21:26:10 GMT" time="79.183" errors="0">
  <testcase name="basePageNavigation" time="40.272" classname="Academy.HomePage"/>
  <testcase name="basePageNavigation" time="38.911" classname="Academy.HomePage"/>
</testsuite> <!-- Academy.HomePage -->
