<?xml version="1.0" encoding="UTF-8"?>
<!-- Generated by org.testng.reporters.JUnitReportReporter -->
<testsuite skipped="0" hostname="MCO-5097489-L1" name="Academy.HomePageLogin" tests="2" failures="0" timestamp="16 Jun 2019 04:50:11 GMT" time="74.610" errors="0">
  <testcase name="basePageNavigation" time="37.584" classname="Academy.HomePageLogin"/>
  <testcase name="basePageNavigation" time="37.026" classname="Academy.HomePageLogin"/>
</testsuite> <!-- Academy.HomePageLogin -->
