<?xml version="1.0" encoding="UTF-8"?>
<!-- Generated by org.testng.reporters.JUnitReportReporter -->
<testsuite skipped="0" hostname="MCO-5097489-L1" name="Academy.ValidateNavigationBar" tests="1" failures="0" timestamp="16 Jun 2019 04:50:11 GMT" time="31.480" errors="0">
  <testcase name="navbar_validate" time="31.480" classname="Academy.ValidateNavigationBar"/>
</testsuite> <!-- Academy.ValidateNavigationBar -->
