<?xml version="1.0" encoding="UTF-8"?>
<!-- Generated by org.testng.reporters.JUnitReportReporter -->
<testsuite hostname="MCO-5097489-L1" name="Academy.ValidateNavigationBar" tests="1" failures="0" timestamp="16 Jun 2019 00:11:38 GMT" time="32.284" errors="0">
  <testcase name="navbar_validate" time="32.284" classname="Academy.ValidateNavigationBar"/>
</testsuite> <!-- Academy.ValidateNavigationBar -->
