<?xml version="1.0" encoding="UTF-8"?>
<!-- Generated by org.testng.reporters.JUnitReportReporter -->
<testsuite hostname="MCO-5097489-L1" name="Academy.HomePageLogin" tests="2" failures="0" timestamp="16 Jun 2019 00:11:38 GMT" time="78.002" errors="0">
  <testcase name="basePageNavigation" time="40.291" classname="Academy.HomePageLogin"/>
  <testcase name="basePageNavigation" time="37.711" classname="Academy.HomePageLogin"/>
</testsuite> <!-- Academy.HomePageLogin -->
